#
# There is insufficient memory for the Java Runtime Environment to continue.
# Native memory allocation (mmap) failed to map 264241152 bytes. Error detail: G1 virtual space
# Possible reasons:
#   The system is out of physical RAM or swap space
#   This process is running with CompressedOops enabled, and the Java Heap may be blocking the growth of the native heap
# Possible solutions:
#   Reduce memory load on the system
#   Increase physical memory or swap space
#   Check if swap backing store is full
#   Decrease Java heap size (-Xmx/-Xms)
#   Decrease number of Java threads
#   Decrease Java thread stack sizes (-Xss)
#   Set larger code cache with -XX:ReservedCodeCacheSize=
#   JVM is running with Zero Based Compressed Oops mode in which the Java heap is
#     placed in the first 32GB address space. The Java Heap base address is the
#     maximum limit for the native heap growth. Please use -XX:HeapBaseMinAddress
#     to set the Java Heap base and to place the Java Heap above 32GB virtual address.
# This output file may be truncated or incomplete.
#
#  Out of Memory Error (os_windows.cpp:3564), pid=21400, tid=33468
#
# JRE version:  (24.0.2+12) (build )
# Java VM: Java HotSpot(TM) 64-Bit Server VM (24.0.2+12-54, mixed mode, sharing, tiered, compressed oops, compressed class ptrs, g1 gc, windows-amd64)
# No core dump will be written. Minidumps are not enabled by default on client versions of Windows
#

---------------  S U M M A R Y ------------

Command Line: -javaagent:C:\Users\acer\AppData\Local\Programs\IntelliJ IDEA 2025.2.3\lib\idea_rt.jar=58829 -Dfile.encoding=UTF-8 -Dsun.stdout.encoding=UTF-8 -Dsun.stderr.encoding=UTF-8 Main

Host: 13th Gen Intel(R) Core(TM) i5-13420H, 12 cores, 15G,  Windows 11 , 64 bit Build 26100 (10.0.26100.3912)
Time: Wed Oct  8 22:10:54 2025 India Standard Time elapsed time: 0.022925 seconds (0d 0h 0m 0s)

---------------  T H R E A D  ---------------

Current thread (0x000001e199dbb810):  JavaThread "Unknown thread" [_thread_in_vm, id=33468, stack(0x0000009506500000,0x0000009506600000) (1024K)]

Stack: [0x0000009506500000,0x0000009506600000]
Native frames: (J=compiled Java code, j=interpreted, Vv=VM code, C=native code)
V  [jvm.dll+0x730829]  (no source info available)
V  [jvm.dll+0x8d9da3]  (no source info available)
V  [jvm.dll+0x8dc28d]  (no source info available)
V  [jvm.dll+0x8dc903]  (no source info available)
V  [jvm.dll+0x2a9f56]  (no source info available)
V  [jvm.dll+0x72cd55]  (no source info available)
V  [jvm.dll+0x72066a]  (no source info available)
V  [jvm.dll+0x390b7a]  (no source info available)
V  [jvm.dll+0x398906]  (no source info available)
V  [jvm.dll+0x3850de]  (no source info available)
V  [jvm.dll+0x385398]  (no source info available)
V  [jvm.dll+0x35d10c]  (no source info available)
V  [jvm.dll+0x35ddcd]  (no source info available)
V  [jvm.dll+0x89d50f]  (no source info available)
V  [jvm.dll+0x3f979d]  (no source info available)
V  [jvm.dll+0x885b66]  (no source info available)
V  [jvm.dll+0x495e7e]  (no source info available)
V  [jvm.dll+0x497c51]  (no source info available)
C  [jli.dll+0x52a1]  (no source info available)
C  [ucrtbase.dll+0x37b0]  (no source info available)
C  [KERNEL32.DLL+0x2e8d7]  (no source info available)
C  [ntdll.dll+0x9c5dc]  (no source info available)

Lock stack of current Java thread (top to bottom):


---------------  P R O C E S S  ---------------

Threads class SMR info:
_java_thread_list=0x00007ffaf3daf318, length=0, elements={
}

Java Threads: ( => current thread )
Total: 0

Other Threads:
  0x000001e199e237b0 WorkerThread "GC Thread#0"                     [id=33608, stack(0x0000009506600000,0x0000009506700000) (1024K)]
  0x000001e199e35a40 ConcurrentGCThread "G1 Main Marker"            [id=23708, stack(0x0000009506700000,0x0000009506800000) (1024K)]
  0x000001e199e372e0 WorkerThread "G1 Conc#0"                       [id=27184, stack(0x0000009506800000,0x0000009506900000) (1024K)]

[error occurred during error reporting (printing all threads), id 0xc0000005, EXCEPTION_ACCESS_VIOLATION (0xc0000005) at pc=0x00007ffaf34e138a]
VM state: not at safepoint (not fully initialized)

VM Mutex/Monitor currently owned by a thread:  ([mutex/lock_event])
[0x00007ffaf3e345f0] Heap_lock - owner thread: 0x000001e199dbb810

Heap address: 0x0000000704a00000, size: 4022 MB, Compressed Oops mode: Zero based, Oop shift amount: 3

CDS archive(s) mapped at: [0x0000000000000000-0x0000000000000000-0x0000000000000000), size 0, SharedBaseAddress: 0x0000000800000000, ArchiveRelocationMode: 1.
UseCompressedClassPointers 1, UseCompactObjectHeaders 0
Narrow klass pointer bits 32, Max shift 3
Narrow klass base: 0xffffffffffffffff, Narrow klass shift: -1
Encoding Range: [0xffffffffffffffff - 0x000000007fffffff), (2147483648 bytes)
Klass Range:    [0x0000000000000000 - 0x0000000000000000), (0 bytes)
Klass ID Range:  [4294967295 - 0) (1)

GC Precious Log:
 CardTable entry size: 512
 Card Set container configuration: InlinePtr #cards 4 size 8 Array Of Cards #cards 16 size 48 Howl #buckets 8 coarsen threshold 3686 Howl Bitmap #cards 512 size 80 coarsen threshold 460 Card regions per heap region 1 cards per card region 4096

Heap:
 garbage-first heap   total reserved 4118528K, committed 0K, used 0K [0x0000000704a00000, 0x0000000800000000)
  region size 2048K, 0 young (0K), 0 survivors (0K)

[error occurred during error reporting (printing heap information), id 0xc0000005, EXCEPTION_ACCESS_VIOLATION (0xc0000005) at pc=0x00007ffaf38fe679]
GC Heap History (0 events):
No events

Dll operation events (1 events):
Event: 0.018 Loaded shared library C:\Program Files\Java\jdk-24\bin\java.dll

Deoptimization events (0 events):
No events

Classes loaded (0 events):
No events

Classes unloaded (0 events):
No events

Classes redefined (0 events):
No events

Internal exceptions (0 events):
No events

VM Operations (0 events):
No events

Memory protections (0 events):
No events

Nmethod flushes (0 events):
No events

Events (0 events):
No events


Dynamic libraries:
0x00007ff70db70000 - 0x00007ff70db80000 	C:\Program Files\Java\jdk-24\bin\java.exe
0x00007ffb7b4e0000 - 0x00007ffb7b746000 	C:\WINDOWS\SYSTEM32\ntdll.dll
0x00007ffb79630000 - 0x00007ffb796f9000 	C:\WINDOWS\System32\KERNEL32.DLL
0x00007ffb78880000 - 0x00007ffb78c4c000 	C:\WINDOWS\System32\KERNELBASE.dll
0x00007ffb78f10000 - 0x00007ffb7905b000 	C:\WINDOWS\System32\ucrtbase.dll
0x00007ffb70030000 - 0x00007ffb7004b000 	C:\Program Files\Java\jdk-24\bin\VCRUNTIME140.dll
0x00007ffb70090000 - 0x00007ffb700a6000 	C:\Program Files\Java\jdk-24\bin\jli.dll
0x00007ffb79d90000 - 0x00007ffb79f5a000 	C:\WINDOWS\System32\USER32.dll
0x00007ffb790f0000 - 0x00007ffb79117000 	C:\WINDOWS\System32\win32u.dll
0x00007ffb79ce0000 - 0x00007ffb79d0b000 	C:\WINDOWS\System32\GDI32.dll
0x00007ffb78dd0000 - 0x00007ffb78f02000 	C:\WINDOWS\System32\gdi32full.dll
0x00007ffb56670000 - 0x00007ffb5690a000 	C:\WINDOWS\WinSxS\amd64_microsoft.windows.common-controls_6595b64144ccf1df_6.0.26100.3912_none_3e07963ce335137e\COMCTL32.dll
0x00007ffb78670000 - 0x00007ffb78713000 	C:\WINDOWS\System32\msvcp_win.dll
0x00007ffb79310000 - 0x00007ffb793b9000 	C:\WINDOWS\System32\msvcrt.dll
0x00007ffb7a670000 - 0x00007ffb7a6a0000 	C:\WINDOWS\System32\IMM32.DLL
0x0000000058c60000 - 0x0000000058c6c000 	C:\Program Files (x86)\360\Total Security\safemon\SafeWrapper.dll
0x00007ffb794c0000 - 0x00007ffb79572000 	C:\WINDOWS\System32\ADVAPI32.dll
0x00007ffb7a470000 - 0x00007ffb7a516000 	C:\WINDOWS\System32\sechost.dll
0x00007ffb7b280000 - 0x00007ffb7b396000 	C:\WINDOWS\System32\RPCRT4.dll
0x00007ffb1baf0000 - 0x00007ffb1bb9c000 	C:\Program Files (x86)\360\Total Security\safemon\libzdtp64.dll
0x00007ffb7aa60000 - 0x00007ffb7b18d000 	C:\WINDOWS\System32\SHELL32.dll
0x00007ffb79120000 - 0x00007ffb79294000 	C:\WINDOWS\System32\wintypes.dll
0x00007ffb7a6b0000 - 0x00007ffb7aa34000 	C:\WINDOWS\System32\combase.dll
0x00007ffb792a0000 - 0x00007ffb79309000 	C:\WINDOWS\System32\SHLWAPI.dll
0x00007ffb78130000 - 0x00007ffb7813b000 	C:\WINDOWS\SYSTEM32\VERSION.dll
0x00007ffb6ee20000 - 0x00007ffb6ee2c000 	C:\Program Files\Java\jdk-24\bin\vcruntime140_1.dll
0x00007ffb39d30000 - 0x00007ffb39dbe000 	C:\Program Files\Java\jdk-24\bin\msvcp140.dll
0x00007ffaf3170000 - 0x00007ffaf3f11000 	C:\Program Files\Java\jdk-24\bin\server\jvm.dll
0x00007ffb7a570000 - 0x00007ffb7a5e4000 	C:\WINDOWS\System32\WS2_32.dll
0x00007ffb784c0000 - 0x00007ffb7851e000 	C:\WINDOWS\SYSTEM32\POWRPROF.dll
0x00007ffb6d640000 - 0x00007ffb6d676000 	C:\WINDOWS\SYSTEM32\WINMM.dll
0x00007ffb784a0000 - 0x00007ffb784b4000 	C:\WINDOWS\SYSTEM32\UMPDC.dll
0x00007ffb773c0000 - 0x00007ffb773da000 	C:\WINDOWS\SYSTEM32\kernel.appcore.dll
0x00007ffb6ee10000 - 0x00007ffb6ee1a000 	C:\Program Files\Java\jdk-24\bin\jimage.dll
0x00007ffb75c20000 - 0x00007ffb75e61000 	C:\WINDOWS\SYSTEM32\DBGHELP.DLL
0x00007ffb7b190000 - 0x00007ffb7b270000 	C:\WINDOWS\System32\OLEAUT32.dll
0x00007ffb40210000 - 0x00007ffb40249000 	C:\WINDOWS\SYSTEM32\dbgcore.DLL
0x00007ffb78720000 - 0x00007ffb787b9000 	C:\WINDOWS\System32\bcryptPrimitives.dll
0x00007ffb6edf0000 - 0x00007ffb6edff000 	C:\Program Files\Java\jdk-24\bin\instrument.dll
0x00007ffb65f60000 - 0x00007ffb65f7e000 	C:\Program Files\Java\jdk-24\bin\java.dll
0x00007ffb79f60000 - 0x00007ffb7a0ff000 	C:\WINDOWS\System32\ole32.dll

JVMTI agents:
C:\Users\acer\AppData\Local\Programs\IntelliJ IDEA 2025.2.3\lib\idea_rt.jar path:none, loaded, not initialized, instrumentlib options:58829

dbghelp: loaded successfully - version: 4.0.5 - missing functions: none
symbol engine: initialized successfully - sym options: 0x614 - pdb path: .;C:\Program Files\Java\jdk-24\bin;C:\WINDOWS\SYSTEM32;C:\WINDOWS\WinSxS\amd64_microsoft.windows.common-controls_6595b64144ccf1df_6.0.26100.3912_none_3e07963ce335137e;C:\Program Files (x86)\360\Total Security\safemon;C:\Program Files\Java\jdk-24\bin\server

VM Arguments:
jvm_args: -javaagent:C:\Users\acer\AppData\Local\Programs\IntelliJ IDEA 2025.2.3\lib\idea_rt.jar=58829 -Dfile.encoding=UTF-8 -Dsun.stdout.encoding=UTF-8 -Dsun.stderr.encoding=UTF-8 
java_command: Main
java_class_path (initial): C:\Users\acer\Desktop\DIET PLANNER\NEW 4\out\production\NEW 4;C:\Users\acer\Desktop\mysql-connector-j-9.4.0\mysql-connector-j-9.4.0.jar
Launcher Type: SUN_STANDARD

[Global flags]
     intx CICompilerCount                          = 4                                         {product} {ergonomic}
     uint ConcGCThreads                            = 3                                         {product} {ergonomic}
     uint G1ConcRefinementThreads                  = 10                                        {product} {ergonomic}
   size_t G1HeapRegionSize                         = 2097152                                   {product} {ergonomic}
   size_t InitialHeapSize                          = 264241152                                 {product} {ergonomic}
   size_t MarkStackSize                            = 4194304                                   {product} {ergonomic}
   size_t MarkStackSizeMax                         = 536870912                                 {product} {ergonomic}
   size_t MaxHeapSize                              = 4217372672                                {product} {ergonomic}
   size_t MinHeapDeltaBytes                        = 2097152                                   {product} {ergonomic}
   size_t MinHeapSize                              = 8388608                                   {product} {ergonomic}
    uintx NonNMethodCodeHeapSize                   = 5832704                                {pd product} {ergonomic}
    uintx NonProfiledCodeHeapSize                  = 122945536                              {pd product} {ergonomic}
    uintx ProfiledCodeHeapSize                     = 122880000                              {pd product} {ergonomic}
    uintx ReservedCodeCacheSize                    = 251658240                              {pd product} {ergonomic}
     bool SegmentedCodeCache                       = true                                      {product} {ergonomic}
   size_t SoftMaxHeapSize                          = 4217372672                             {manageable} {ergonomic}
     bool UseCompressedOops                        = true                           {product lp64_product} {ergonomic}
     bool UseG1GC                                  = true                                      {product} {ergonomic}
     bool UseLargePagesIndividualAllocation        = false                                  {pd product} {ergonomic}

Logging:
Log output configuration:
 #0: stdout all=warning uptime,level,tags foldmultilines=false
 #1: stderr all=off uptime,level,tags foldmultilines=false

Environment Variables:
PATH=C:\Program Files\Common Files\Oracle\Java\javapath;C:\Windows\system32;C:\Windows;C:\Windows\System32\Wbem;C:\Windows\System32\WindowsPowerShell\v1.0\;C:\Windows\System32\OpenSSH\;C:\Program Files (x86)\NVIDIA Corporation\PhysX\Common;C:\Program Files\NVIDIA Corporation\NVIDIA NvDLISR;C:\Program Files (x86)\Git\cmd;C:\Program Files\dotnet\;C:\WINDOWS\system32;C:\WINDOWS;C:\WINDOWS\System32\Wbem;C:\WINDOWS\System32\WindowsPowerShell\v1.0\;C:\WINDOWS\System32\OpenSSH\;C:\Program Files\nodejs\;C:\MinGW\bin;C:\Program Files\MySQL\MySQL Shell 8.0\bin\;C:\Users\acer\AppData\Local\Programs\Python\Launcher\;C:\Users\acer\AppData\Local\Microsoft\WindowsApps;C:\Users\acer\AppData\Local\Programs\Microsoft VS Code\Microsoft VS Code\bin;C:\Users\acer\AppData\Roaming\npm
USERNAME=acer
OS=Windows_NT
PROCESSOR_IDENTIFIER=Intel64 Family 6 Model 186 Stepping 2, GenuineIntel
TMP=C:\Users\acer\AppData\Local\Temp
TEMP=C:\Users\acer\AppData\Local\Temp




Periodic native trim disabled

---------------  S Y S T E M  ---------------

OS:
 Windows 11 , 64 bit Build 26100 (10.0.26100.3912)
OS uptime: 0 days 2:54 hours
Hyper-V role detected

CPU: total 12 (initial active 12) (6 cores per cpu, 2 threads per core) family 6 model 186 stepping 2 microcode 0x5103, cx8, cmov, fxsr, ht, mmx, 3dnowpref, sse, sse2, sse3, ssse3, sse4.1, sse4.2, popcnt, lzcnt, tsc, tscinvbit, avx, avx2, aes, erms, clmul, bmi1, bmi2, adx, sha, fma, vzeroupper, clflush, clflushopt, clwb, hv, serialize, rdtscp, rdpid, fsrm, gfni, f16c, cet_ibt, cet_ss
Processor Information for processor 0
  Max Mhz: 2100, Current Mhz: 2100, Mhz Limit: 2100
Processor Information for processor 1
  Max Mhz: 2100, Current Mhz: 2100, Mhz Limit: 2100
Processor Information for processor 2
  Max Mhz: 2100, Current Mhz: 2100, Mhz Limit: 2100
Processor Information for processor 3
  Max Mhz: 2100, Current Mhz: 2100, Mhz Limit: 2100
Processor Information for processor 4
  Max Mhz: 2100, Current Mhz: 2100, Mhz Limit: 2100
Processor Information for processor 5
  Max Mhz: 2100, Current Mhz: 1453, Mhz Limit: 2100
Processor Information for processor 6
  Max Mhz: 2100, Current Mhz: 2100, Mhz Limit: 2100
Processor Information for processor 7
  Max Mhz: 2100, Current Mhz: 2100, Mhz Limit: 2100
Processor Information for processor 8
  Max Mhz: 2100, Current Mhz: 2100, Mhz Limit: 2100
Processor Information for processor 9
  Max Mhz: 2100, Current Mhz: 2100, Mhz Limit: 2100
Processor Information for processor 10
  Max Mhz: 2100, Current Mhz: 2100, Mhz Limit: 2100
Processor Information for processor 11
  Max Mhz: 2100, Current Mhz: 2100, Mhz Limit: 2100

Memory: 4k page, system-wide physical 16087M (2839M free)
TotalPageFile size 19961M (AvailPageFile size 5M)
current process WorkingSet (physical memory assigned to process): 14M, peak: 14M
current process commit charge ("private bytes"): 65M, peak: 317M

vm_info: Java HotSpot(TM) 64-Bit Server VM (24.0.2+12-54) for windows-amd64 JRE (24.0.2+12-54), built on 2025-07-08T12:10:27Z with MS VC++ 17.6 (VS2022)

END.
